
Showing logs for build [32mcb-kubecd-bdd-ghfjxy-import-156-1[0m stage [32mmeta-pipeline[0m and container [32mstep-credential-initializer-hrtrq[0m
{"level":"warn","ts":1568385885.2811046,"logger":"fallback-logger","caller":"logging/config.go:69","msg":"Fetch GitHub commit ID from kodata failed: \"ref: refs/heads/master\" is not a valid GitHub commit ID"}
{"level":"info","ts":1568385885.2820125,"logger":"fallback-logger","caller":"creds-init/main.go:40","msg":"Credentials initialized."}

Showing logs for build [32mcb-kubecd-bdd-ghfjxy-import-156-1[0m stage [32mmeta-pipeline[0m and container [32mstep-working-dir-initializer-gcks8[0m
{"level":"warn","ts":1568385886.438558,"logger":"fallback-logger","caller":"logging/config.go:69","msg":"Fetch GitHub commit ID from kodata failed: open /var/run/ko/HEAD: no such file or directory"}
{"level":"info","ts":1568385886.5099802,"logger":"fallback-logger","caller":"bash/main.go:65","msg":"Successfully executed command \"mkdir -p /workspace/source\""}

Showing logs for build [32mcb-kubecd-bdd-ghfjxy-import-156-1[0m stage [32mmeta-pipeline[0m and container [32mstep-place-tools[0m

Showing logs for build [32mcb-kubecd-bdd-ghfjxy-import-156-1[0m stage [32mmeta-pipeline[0m and container [32mstep-git-source-meta-cb-kubecd-bdd-ghfjxy-impor-kxhfg[0m
{"level":"warn","ts":1568385892.5728323,"logger":"fallback-logger","caller":"logging/config.go:69","msg":"Fetch GitHub commit ID from kodata failed: \"ref: refs/heads/master\" is not a valid GitHub commit ID"}
{"level":"info","ts":1568385894.3156796,"logger":"fallback-logger","caller":"git/git.go:102","msg":"Successfully cloned https://github.com/cb-kubecd/bdd-ghf**y-import-1568385872.git @ 10ea86d28e7b0408d63c45152d5f578d756e3b35 in path /workspace/source"}

Showing logs for build [32mcb-kubecd-bdd-ghfjxy-import-156-1[0m stage [32mmeta-pipeline[0m and container [32mstep-git-merge[0m
Using SHAs from PULL_REFS=master:10ea86d28e7b0408d63c45152d5f578d756e3b35
WARNING: no SHAs to merge, falling back to initial cloned commit

Showing logs for build [32mcb-kubecd-bdd-ghfjxy-import-156-1[0m stage [32mmeta-pipeline[0m and container [32mstep-merge-pull-refs[0m
SKIP merge-pull-refs: Nothing to merge

Showing logs for build [32mcb-kubecd-bdd-ghfjxy-import-156-1[0m stage [32mmeta-pipeline[0m and container [32mstep-create-effective-pipeline[0m
Deleting and cloning the Jenkins X versions repo
Cloning the Jenkins X versions repo https://github.com/jenkins-x/jenkins-x-versions.git with ref refs/heads/master to /builder/home/.**/jenkins-x-versions
performing pack detection in folder /workspace/source
--> Draft detected YAML (67.859684%)
--> Could not find a pack for YAML. Trying to find the next likely language match...
--> Draft detected RPM Spec (14.835634%)
--> Could not find a pack for RPM Spec. Trying to find the next likely language match...
--> Draft detected Coq (6.745411%)
--> Could not find a pack for Coq. Trying to find the next likely language match...
--> Draft detected Smarty (3.671553%)
--> Could not find a pack for Smarty. Trying to find the next likely language match...
--> Draft detected Go (2.881742%)
selected pack: /builder/home/.**/draft/packs/github.com/jenkins-x-buildpacks/jenkins-x-kubernetes/packs/go
Effective pipeline written to jenkins-x-effective.yml

Showing logs for build [32mcb-kubecd-bdd-ghfjxy-import-156-1[0m stage [32mmeta-pipeline[0m and container [32mstep-create-tekton-crds[0m
running command: echo \$(**-release-version) > VERSION

running command: ** step tag --version \$(cat VERSION)
Updating chart version in charts/bdd-ghf**y-import-1568385872/Chart.yaml to 0.0.1
Updating repository in charts/bdd-ghf**y-import-1568385872/values.yaml to gcr.io/jenkins-x-bdd3/bdd-ghf**y-import-1568385872
Updating tag in charts/bdd-ghf**y-import-1568385872/values.yaml to 0.0.1
Tag v0.0.1 created and pushed to remote origin

PipelineActivity for cb-kubecd-bdd-ghf**y-import-1568385872-master-1
Applying changes 
upserted PipelineResource cb-kubecd-bdd-ghf**y-import-156 for the git repository https://github.com/cb-kubecd/bdd-ghf**y-import-1568385872.git
upserted Task cb-kubecd-bdd-ghf**y-import-156-run-make-1
upserted Task cb-kubecd-bdd-ghf**y-import-156-everything-else-1
upserted Pipeline cb-kubecd-bdd-ghf**y-import-156-1
created PipelineRun cb-kubecd-bdd-ghf**y-import-156-1
created PipelineStructure cb-kubecd-bdd-ghf**y-import-156-1

Showing logs for build [32mcb-kubecd-bdd-ghfjxy-import-156-1[0m stage [32mrun-make[0m and container [32mstep-credential-initializer-2hcbv[0m
{"level":"warn","ts":1568385937.5446832,"logger":"fallback-logger","caller":"logging/config.go:69","msg":"Fetch GitHub commit ID from kodata failed: \"ref: refs/heads/master\" is not a valid GitHub commit ID"}
{"level":"info","ts":1568385937.5452557,"logger":"fallback-logger","caller":"creds-init/main.go:40","msg":"Credentials initialized."}

Showing logs for build [32mcb-kubecd-bdd-ghfjxy-import-156-1[0m stage [32mrun-make[0m and container [32mstep-working-dir-initializer-hzptv[0m
{"level":"warn","ts":1568385938.5653694,"logger":"fallback-logger","caller":"logging/config.go:69","msg":"Fetch GitHub commit ID from kodata failed: open /var/run/ko/HEAD: no such file or directory"}
{"level":"info","ts":1568385938.5667925,"logger":"fallback-logger","caller":"bash/main.go:65","msg":"Successfully executed command \"mkdir -p /workspace/source\""}

Showing logs for build [32mcb-kubecd-bdd-ghfjxy-import-156-1[0m stage [32mrun-make[0m and container [32mstep-place-tools[0m

Showing logs for build [32mcb-kubecd-bdd-ghfjxy-import-156-1[0m stage [32mrun-make[0m and container [32mstep-git-source-cb-kubecd-bdd-ghfjxy-import-156-fqjpm[0m
{"level":"warn","ts":1568385943.8030884,"logger":"fallback-logger","caller":"logging/config.go:69","msg":"Fetch GitHub commit ID from kodata failed: \"ref: refs/heads/master\" is not a valid GitHub commit ID"}
{"level":"info","ts":1568385944.8688712,"logger":"fallback-logger","caller":"git/git.go:102","msg":"Successfully cloned https://github.com/cb-kubecd/bdd-ghf**y-import-1568385872.git @ v0.0.1 in path /workspace/source"}

Showing logs for build [32mcb-kubecd-bdd-ghfjxy-import-156-1[0m stage [32mrun-make[0m and container [32mstep-git-merge[0m
Using SHAs from PULL_REFS=master:10ea86d28e7b0408d63c45152d5f578d756e3b35
WARNING: no SHAs to merge, falling back to initial cloned commit

Showing logs for build [32mcb-kubecd-bdd-ghfjxy-import-156-1[0m stage [32mrun-make[0m and container [32mstep-setup-jx-git-credentials[0m
Generated Git credentials file /workspace/xdg_config/git/credentials

Showing logs for build [32mcb-kubecd-bdd-ghfjxy-import-156-1[0m stage [32mrun-make[0m and container [32mstep-build-make-build[0m
CGO_ENABLED=0 GO15VENDOREXPERIMENT=1 go build -ldflags '' -o bin/bdd-ghf**y-import-1568385872 main.go

Showing logs for build [32mcb-kubecd-bdd-ghfjxy-import-156-1[0m stage [32mrun-make[0m and container [32mstep-source-mkdir-cb-kubecd-bdd-ghfjxy-import-156-m8jhc[0m
{"level":"warn","ts":1568385954.2160616,"logger":"fallback-logger","caller":"logging/config.go:69","msg":"Fetch GitHub commit ID from kodata failed: open /var/run/ko/HEAD: no such file or directory"}
{"level":"info","ts":1568385954.2206001,"logger":"fallback-logger","caller":"bash/main.go:65","msg":"Successfully executed command \"mkdir -p /pvc/run-make/workspace\""}

Showing logs for build [32mcb-kubecd-bdd-ghfjxy-import-156-1[0m stage [32mrun-make[0m and container [32mstep-source-copy-cb-kubecd-bdd-ghfjxy-import-156-h5bkh[0m
{"level":"warn","ts":1568385954.5811791,"logger":"fallback-logger","caller":"logging/config.go:69","msg":"Fetch GitHub commit ID from kodata failed: open /var/run/ko/HEAD: no such file or directory"}
{"level":"info","ts":1568385954.5967538,"logger":"fallback-logger","caller":"bash/main.go:65","msg":"Successfully executed command \"cp -r /workspace/source/. /pvc/run-make/workspace\""}

Showing logs for build [32mcb-kubecd-bdd-ghfjxy-import-156-1[0m stage [32meverything-else[0m and container [32mstep-credential-initializer-7fmwd[0m
{"level":"warn","ts":1568385957.7238202,"logger":"fallback-logger","caller":"logging/config.go:69","msg":"Fetch GitHub commit ID from kodata failed: \"ref: refs/heads/master\" is not a valid GitHub commit ID"}
{"level":"info","ts":1568385957.724902,"logger":"fallback-logger","caller":"creds-init/main.go:40","msg":"Credentials initialized."}

Showing logs for build [32mcb-kubecd-bdd-ghfjxy-import-156-1[0m stage [32meverything-else[0m and container [32mstep-working-dir-initializer-mvpkc[0m
{"level":"warn","ts":1568385958.823649,"logger":"fallback-logger","caller":"logging/config.go:69","msg":"Fetch GitHub commit ID from kodata failed: open /var/run/ko/HEAD: no such file or directory"}
{"level":"info","ts":1568385958.8249862,"logger":"fallback-logger","caller":"bash/main.go:65","msg":"Successfully executed command \"mkdir -p /workspace/source /workspace/source/charts/bdd-ghf**y-import-1568385872\""}

Showing logs for build [32mcb-kubecd-bdd-ghfjxy-import-156-1[0m stage [32meverything-else[0m and container [32mstep-place-tools[0m

Showing logs for build [32mcb-kubecd-bdd-ghfjxy-import-156-1[0m stage [32meverything-else[0m and container [32mstep-create-dir-workspace-jfgdd[0m
{"level":"warn","ts":1568385965.8707755,"logger":"fallback-logger","caller":"logging/config.go:69","msg":"Fetch GitHub commit ID from kodata failed: open /var/run/ko/HEAD: no such file or directory"}
{"level":"info","ts":1568385965.876269,"logger":"fallback-logger","caller":"bash/main.go:65","msg":"Successfully executed command \"mkdir -p /workspace/source\""}

Showing logs for build [32mcb-kubecd-bdd-ghfjxy-import-156-1[0m stage [32meverything-else[0m and container [32mstep-source-copy-workspace-nwr5n[0m
{"level":"warn","ts":1568385966.2437158,"logger":"fallback-logger","caller":"logging/config.go:69","msg":"Fetch GitHub commit ID from kodata failed: open /var/run/ko/HEAD: no such file or directory"}
{"level":"info","ts":1568385966.429129,"logger":"fallback-logger","caller":"bash/main.go:65","msg":"Successfully executed command \"cp -r /pvc/run-make/workspace/. /workspace/source\""}

Showing logs for build [32mcb-kubecd-bdd-ghfjxy-import-156-1[0m stage [32meverything-else[0m and container [32mstep-build-container-build[0m
[36mINFO[0m[0000] No base image, nothing to extract            
[36mINFO[0m[0000] cmd: EXPOSE                                  
[36mINFO[0m[0000] Adding exposed port: 8080/tcp                
[36mINFO[0m[0000] Using files from context: [/workspace/source/bin] 
[36mINFO[0m[0000] Skipping unpacking as no commands require it. 
[36mINFO[0m[0000] Taking snapshot of full filesystem...        
[36mINFO[0m[0000] EXPOSE 8080                                  
[36mINFO[0m[0000] cmd: EXPOSE                                  
[36mINFO[0m[0000] Adding exposed port: 8080/tcp                
[36mINFO[0m[0000] No files changed in this command, skipping snapshotting. 
[36mINFO[0m[0000] ENTRYPOINT ["/bdd-ghf**y-import-1568385872"] 
[36mINFO[0m[0000] No files changed in this command, skipping snapshotting. 
[36mINFO[0m[0000] Using files from context: [/workspace/source/bin] 
[36mINFO[0m[0000] COPY ./bin/ /                                
[36mINFO[0m[0000] Taking snapshot of files...                  
2019/09/13 14:46:12 pushed blob: sha256:42ea422240ada1e103cd5405e00558f0f7bbb75be2349b114d96090b045d8b62
2019/09/13 14:46:12 pushed blob: sha256:326683cf19346396ddcc6291a2d348404071d6caecf63ce9d3784b5859780372
2019/09/13 14:46:14 gcr.io/jenkins-x-bdd3/bdd-ghf**y-import-1568385872:0.0.1: digest: sha256:5d7dc2bf90449c9c38dea1c40c859284294ba979b6265c294785584f4c6d7954 size: 428

Showing logs for build [32mcb-kubecd-bdd-ghfjxy-import-156-1[0m stage [32meverything-else[0m and container [32mstep-build-post-build[0m
no CVE provider running in the current ** namespace so skip adding image to be analysed

Showing logs for build [32mcb-kubecd-bdd-ghfjxy-import-156-1[0m stage [32meverything-else[0m and container [32mstep-promote-changelog[0m
Converted /workspace/source to an unshallow repository
no previous commit version found so change diff unavailable

Showing logs for build [32mcb-kubecd-bdd-ghfjxy-import-156-1[0m stage [32meverything-else[0m and container [32mstep-promote-helm-release[0m
WARNING: No $CHART_REPOSITORY defined so using the default value of: http://jenkins-x-chartmuseum:8080
Adding missing Helm repo: storage.googleapis.com https://storage.googleapis.com/chartmuseum.jenkins-x.io
Successfully added Helm repository storage.googleapis.com.
Adding missing Helm repo: jenkins-x-chartmuseum http://jenkins-x-chartmuseum:8080
Successfully added Helm repository jenkins-x-chartmuseum.
WARNING: No $CHART_REPOSITORY defined so using the default value of: http://jenkins-x-chartmuseum:8080
Uploading chart file bdd-ghf**y-import-1568385872-0.0.1.tgz to http://jenkins-x-chartmuseum:8080/api/charts
Received 201 response: {"saved":true}

Showing logs for build [32mcb-kubecd-bdd-ghfjxy-import-156-1[0m stage [32meverything-else[0m and container [32mstep-promote-jx-promote[0m
WARNING: prow based install so skip waiting for the merge of Pull Requests to go green as currently there is an issue with gettingstatuses from the PR, see https://github.com/jenkins-x/**/issues/2410
Promoting app bdd-ghf**y-import-1568385872 version 0.0.1 to namespace **-staging
Created Pull Request: https://github.com/cb-kubecd/environment-pr-5482-7-tekton-gkebdd-staging/pull/4
Pull Request https://github.com/cb-kubecd/environment-pr-5482-7-tekton-gkebdd-staging/pull/4 is merged at sha 41c0d4e4b12366c841a795ecdf812b22a4a70467
Pull Request merged but we are not waiting for the update pipeline to complete!
WARNING: Could not find the service URL in namespace **-staging for names bdd-ghf**y-import-1568385872, **-bdd-ghf**y-import-1568385872, **-staging-bdd-ghf**y-import-1568385872
